{"C:\\Users\\WeAre\\Documents\\Belajar-NodeJs\\belajar-jest\\src\\sum.js": {"path":"C:\\Users\\WeAre\\Documents\\Belajar-NodeJs\\belajar-jest\\src\\sum.js","statementMap":{"0":{"start":{"line":1,"column":19},"end":{"line":3,"column":1}},"1":{"start":{"line":2,"column":4},"end":{"line":2,"column":26}},"2":{"start":{"line":5,"column":22},"end":{"line":14,"column":1}},"3":{"start":{"line":6,"column":12},"end":{"line":6,"column":13}},"4":{"start":{"line":8,"column":4},"end":{"line":11,"column":5}},"5":{"start":{"line":9,"column":8},"end":{"line":9,"column":20}},"6":{"start":{"line":13,"column":4},"end":{"line":13,"column":13}},"7":{"start":{"line":16,"column":25},"end":{"line":25,"column":1}},"8":{"start":{"line":17,"column":12},"end":{"line":17,"column":13}},"9":{"start":{"line":19,"column":4},"end":{"line":22,"column":5}},"10":{"start":{"line":20,"column":8},"end":{"line":20,"column":20}},"11":{"start":{"line":24,"column":4},"end":{"line":24,"column":42}}},"fnMap":{"0":{"name":"(anonymous_0)","decl":{"start":{"line":1,"column":19},"end":{"line":1,"column":20}},"loc":{"start":{"line":1,"column":38},"end":{"line":3,"column":1}},"line":1},"1":{"name":"(anonymous_1)","decl":{"start":{"line":5,"column":22},"end":{"line":5,"column":23}},"loc":{"start":{"line":5,"column":35},"end":{"line":14,"column":1}},"line":5},"2":{"name":"(anonymous_2)","decl":{"start":{"line":16,"column":25},"end":{"line":16,"column":26}},"loc":{"start":{"line":16,"column":48},"end":{"line":25,"column":1}},"line":16}},"branchMap":{},"s":{"0":1,"1":0,"2":1,"3":0,"4":0,"5":0,"6":0,"7":1,"8":2,"9":2,"10":8,"11":2},"f":{"0":0,"1":0,"2":2},"b":{},"_coverageSchema":"1a1c01bbd47fc00a2c39e90264f33305004495a9","hash":"81170ef90986b6f43f0f4dee699f908bd5e9db0e"}
}
