{"C:\\Users\\nanda_001\\Documents\\Belajar-NodeJs\\belajar-jest\\src\\userRepository.js": {"path":"C:\\Users\\nanda_001\\Documents\\Belajar-NodeJs\\belajar-jest\\src\\userRepository.js","statementMap":{"0":{"start":{"line":4,"column":8},"end":{"line":4,"column":49}},"1":{"start":{"line":7,"column":8},"end":{"line":7,"column":49}},"2":{"start":{"line":10,"column":8},"end":{"line":10,"column":49}}},"fnMap":{"0":{"name":"(anonymous_0)","decl":{"start":{"line":3,"column":4},"end":{"line":3,"column":5}},"loc":{"start":{"line":3,"column":14},"end":{"line":5,"column":5}},"line":3},"1":{"name":"(anonymous_1)","decl":{"start":{"line":6,"column":4},"end":{"line":6,"column":5}},"loc":{"start":{"line":6,"column":16},"end":{"line":8,"column":5}},"line":6},"2":{"name":"(anonymous_2)","decl":{"start":{"line":9,"column":4},"end":{"line":9,"column":5}},"loc":{"start":{"line":9,"column":13},"end":{"line":11,"column":5}},"line":9}},"branchMap":{},"s":{"0":0,"1":0,"2":0},"f":{"0":0,"1":0,"2":0},"b":{},"_coverageSchema":"1a1c01bbd47fc00a2c39e90264f33305004495a9","hash":"ab15e6b2fd2640bd45d449d2876be1bce400143a"}
,"C:\\Users\\nanda_001\\Documents\\Belajar-NodeJs\\belajar-jest\\src\\userService.js": {"path":"C:\\Users\\nanda_001\\Documents\\Belajar-NodeJs\\belajar-jest\\src\\userService.js","statementMap":{"0":{"start":{"line":5,"column":8},"end":{"line":9,"column":9}},"1":{"start":{"line":6,"column":12},"end":{"line":6,"column":49}},"2":{"start":{"line":8,"column":12},"end":{"line":8,"column":55}},"3":{"start":{"line":13,"column":8},"end":{"line":13,"column":39}},"4":{"start":{"line":16,"column":8},"end":{"line":16,"column":48}},"5":{"start":{"line":19,"column":8},"end":{"line":19,"column":45}}},"fnMap":{"0":{"name":"(anonymous_0)","decl":{"start":{"line":4,"column":4},"end":{"line":4,"column":5}},"loc":{"start":{"line":4,"column":31},"end":{"line":10,"column":5}},"line":4},"1":{"name":"(anonymous_1)","decl":{"start":{"line":12,"column":4},"end":{"line":12,"column":5}},"loc":{"start":{"line":12,"column":15},"end":{"line":14,"column":5}},"line":12},"2":{"name":"(anonymous_2)","decl":{"start":{"line":15,"column":4},"end":{"line":15,"column":5}},"loc":{"start":{"line":15,"column":16},"end":{"line":17,"column":5}},"line":15},"3":{"name":"(anonymous_3)","decl":{"start":{"line":18,"column":4},"end":{"line":18,"column":5}},"loc":{"start":{"line":18,"column":13},"end":{"line":20,"column":5}},"line":18}},"branchMap":{"0":{"loc":{"start":{"line":5,"column":8},"end":{"line":9,"column":9}},"type":"if","locations":[{"start":{"line":5,"column":8},"end":{"line":9,"column":9}},{"start":{"line":7,"column":14},"end":{"line":9,"column":9}}],"line":5}},"s":{"0":1,"1":1,"2":0,"3":0,"4":1,"5":0},"f":{"0":1,"1":0,"2":1,"3":0},"b":{"0":[1,0]},"_coverageSchema":"1a1c01bbd47fc00a2c39e90264f33305004495a9","hash":"428ab093eca8c06b16c8793e6c0fd5a2b7d32178"}
}
