TN:
SF:src\asyncronus.js
FN:1,(anonymous_0)
FN:3,(anonymous_1)
FN:4,(anonymous_2)
FNF:3
FNH:3
FNDA:3,(anonymous_0)
FNDA:3,(anonymous_1)
FNDA:3,(anonymous_2)
DA:1,1
DA:3,3
DA:4,3
DA:7,3
DA:8,2
DA:10,1
LF:6
LH:6
BRDA:7,0,0,2
BRDA:7,0,1,1
BRF:2
BRH:2
end_of_record
TN:
SF:src\exception.js
FN:5,(anonymous_0)
FNF:1
FNH:1
FNDA:4,(anonymous_0)
DA:5,1
DA:6,4
DA:7,3
DA:9,1
LF:4
LH:4
BRDA:6,0,0,3
BRDA:6,0,1,1
BRF:2
BRH:2
end_of_record
TN:
SF:src\sum.js
FN:1,(anonymous_0)
FN:5,(anonymous_1)
FNF:2
FNH:2
FNDA:5,(anonymous_0)
FNDA:2,(anonymous_1)
DA:1,3
DA:2,5
DA:5,3
DA:6,2
DA:8,2
DA:9,8
DA:13,2
LF:7
LH:7
BRF:0
BRH:0
end_of_record
